<?xml version="1.0" encoding="UTF-8"?>
<!-- Generated by org.testng.reporters.JUnitReportReporter -->
<testsuite skipped="0" hostname="tw-mbp-rrana" name="com.test.qa.testcases.LoginPageTest" tests="2" failures="0" timestamp="29 Mar 2018 23:32:25 GMT" time="14.558" errors="0">
  <testcase name="loginPageTitleTest" time="6.762" classname="com.test.qa.testcases.LoginPageTest"/>
  <testcase name="loginTest" time="7.796" classname="com.test.qa.testcases.LoginPageTest"/>
</testsuite> <!-- com.test.qa.testcases.LoginPageTest -->
