<?xml version="1.0" encoding="UTF-8"?>
<!-- Generated by org.testng.reporters.JUnitReportReporter -->
<testsuite skipped="0" hostname="tw-mbp-rrana" name="com.test.qa.testdata.LoginPageTest" tests="1" failures="0" timestamp="29 Mar 2018 06:26:05 GMT" time="10.763" errors="0">
  <testcase name="loginTest" time="10.763" classname="com.test.qa.testdata.LoginPageTest"/>
</testsuite> <!-- com.test.qa.testdata.LoginPageTest -->
